<?xml version="1.0" encoding="UTF-8"?>
<!-- Generated by org.testng.reporters.JUnitReportReporter -->
<testsuite hostname="LAPTOP-QLGVSIUB" failures="0" tests="1" name="com.TestGNframework.TestDeomo2_priorityArgument" time="0.010" errors="0" timestamp="2024-09-26T08:44:22 IST" skipped="0">
  <testcase classname="com.TestGNframework.TestDeomo2_priorityArgument" name="openBrowser" time="0.010"/>
  <system-out/>
</testsuite> <!-- com.TestGNframework.TestDeomo2_priorityArgument -->
