<?xml version="1.0" encoding="UTF-8"?>
<!-- Generated by org.testng.reporters.JUnitReportReporter -->
<testsuite hostname="LAPTOP-QLGVSIUB" failures="0" tests="3" name="com.SeleniumGrid.ParallelTestonGrid" time="105.094" errors="0" timestamp="2024-10-08T20:04:39 IST" skipped="0">
  <testcase classname="com.SeleniumGrid.ParallelTestonGrid" name="testparallel" time="30.994"/>
  <system-out/>
  <testcase classname="com.SeleniumGrid.ParallelTestonGrid" name="testparallel" time="35.264"/>
  <system-out/>
  <testcase classname="com.SeleniumGrid.ParallelTestonGrid" name="testparallel" time="38.836"/>
  <system-out/>
</testsuite> <!-- com.SeleniumGrid.ParallelTestonGrid -->
