<?xml version="1.0" encoding="UTF-8"?>
<!-- Generated by org.testng.reporters.JUnitReportReporter -->
<testsuite hostname="LAPTOP-QLGVSIUB" failures="0" tests="2" name="com.TestGNframework.testNGDemo" time="0.013" errors="0" timestamp="2024-09-24T22:40:07 IST" skipped="0">
  <testcase classname="com.TestGNframework.testNGDemo" name="TestCase" time="0.012"/>
  <system-out/>
  <testcase classname="com.TestGNframework.testNGDemo" name="TestCase2" time="0.001"/>
  <system-out/>
</testsuite> <!-- com.TestGNframework.testNGDemo -->
