<?xml version="1.0" encoding="UTF-8"?>
<!-- Generated by org.testng.reporters.JUnitReportReporter -->
<testsuite hostname="LAPTOP-QLGVSIUB" failures="0" tests="1" name="com.SeleniumGrid.FristGridTest" time="22.700" errors="0" timestamp="2024-10-08T08:45:15 IST" skipped="0">
  <testcase classname="com.SeleniumGrid.FristGridTest" name="testOnRemoteChrome" time="22.700"/>
  <system-out/>
</testsuite> <!-- com.SeleniumGrid.FristGridTest -->
